{"isOperational":true,"level":"error","statusCode":400,"timestamp":"2025-07-15T03:11:00.210Z"}
{"isOperational":true,"level":"error","statusCode":400,"timestamp":"2025-07-15T03:12:58.196Z"}
{"isOperational":true,"level":"error","statusCode":400,"timestamp":"2025-07-15T03:14:33.860Z"}
{"isOperational":true,"issues":[{"code":"invalid_type","expected":"string","message":"Required","path":["body","email"],"received":"undefined"},{"code":"invalid_type","expected":"string","message":"Required","path":["body","password"],"received":"undefined"},{"code":"invalid_type","expected":"string","message":"Required","path":["body","firstName"],"received":"undefined"},{"code":"invalid_type","expected":"string","message":"Required","path":["body","lastName"],"received":"undefined"}],"level":"error","statusCode":400,"timestamp":"2025-07-15T03:19:43.851Z"}
{"isOperational":true,"issues":[{"code":"invalid_type","expected":"string","message":"Required","path":["body","email"],"received":"undefined"},{"code":"invalid_type","expected":"string","message":"Required","path":["body","password"],"received":"undefined"},{"code":"invalid_type","expected":"string","message":"Required","path":["body","firstName"],"received":"undefined"},{"code":"invalid_type","expected":"string","message":"Required","path":["body","lastName"],"received":"undefined"}],"level":"error","statusCode":400,"timestamp":"2025-07-15T03:24:55.359Z"}
{"isOperational":true,"issues":[{"code":"invalid_type","expected":"string","message":"Required","path":["body","email"],"received":"undefined"},{"code":"invalid_type","expected":"string","message":"Required","path":["body","password"],"received":"undefined"},{"code":"invalid_type","expected":"string","message":"Required","path":["body","firstName"],"received":"undefined"},{"code":"invalid_type","expected":"string","message":"Required","path":["body","lastName"],"received":"undefined"}],"level":"error","statusCode":400,"timestamp":"2025-07-15T03:25:45.663Z"}
{"isOperational":true,"issues":[{"code":"invalid_type","expected":"string","message":"Required","path":["body","email"],"received":"undefined"},{"code":"invalid_type","expected":"string","message":"Required","path":["body","password"],"received":"undefined"},{"code":"invalid_type","expected":"string","message":"Required","path":["body","lastName"],"received":"undefined"}],"level":"error","statusCode":400,"timestamp":"2025-07-15T03:31:21.504Z"}
{"isOperational":true,"issues":[{"code":"invalid_string","message":"Invalid email format","path":["body","email"],"validation":"email"},{"code":"too_small","exact":false,"inclusive":true,"message":"Password must be at least 6 characters long","minimum":6,"path":["body","password"],"type":"string"}],"level":"error","statusCode":400,"timestamp":"2025-07-15T03:32:28.470Z"}
{"isOperational":true,"level":"error","statusCode":401,"timestamp":"2025-07-15T03:37:31.984Z"}
{"isOperational":true,"issues":[{"code":"invalid_type","expected":"string","message":"Required","path":["body","email"],"received":"undefined"},{"code":"invalid_type","expected":"string","message":"Required","path":["body","password"],"received":"undefined"}],"level":"error","statusCode":400,"timestamp":"2025-07-15T03:37:45.918Z"}
{"isOperational":true,"issues":[{"code":"too_small","exact":false,"inclusive":true,"message":"Password must be at least 6 characters long","minimum":6,"path":["body","password"],"type":"string"}],"level":"error","statusCode":400,"timestamp":"2025-07-15T03:38:37.947Z"}
{"isOperational":true,"level":"error","statusCode":401,"timestamp":"2025-07-15T03:38:49.930Z"}
{"isOperational":true,"issues":[{"code":"invalid_type","expected":"string","message":"Required","path":["body","password"],"received":"undefined"}],"level":"error","statusCode":400,"timestamp":"2025-07-15T03:39:36.834Z"}
{"isOperational":true,"level":"error","statusCode":401,"timestamp":"2025-07-15T03:39:56.581Z"}
{"clientVersion":"5.22.0","level":"error","name":"PrismaClientValidationError","timestamp":"2025-07-15T03:40:32.428Z"}
{"clientVersion":"5.22.0","level":"error","name":"PrismaClientValidationError","timestamp":"2025-07-15T03:43:38.553Z"}
{"isOperational":true,"level":"error","statusCode":401,"timestamp":"2025-07-15T03:47:21.789Z"}
{"isOperational":true,"issues":[{"code":"invalid_type","expected":"string","message":"Required","path":["body","title"],"received":"undefined"},{"code":"invalid_type","expected":"string","message":"Required","path":["body","date"],"received":"undefined"},{"code":"invalid_type","expected":"string","message":"Required","path":["body","time"],"received":"undefined"},{"code":"invalid_type","expected":"number","message":"Required","path":["body","duration"],"received":"undefined"},{"code":"invalid_type","expected":"string","message":"Required","path":["body","clientName"],"received":"undefined"},{"code":"invalid_type","expected":"string","message":"Required","path":["body","clientEmail"],"received":"undefined"}],"level":"error","statusCode":400,"timestamp":"2025-07-15T03:47:44.116Z"}
{"isOperational":true,"level":"error","statusCode":401,"timestamp":"2025-07-15T10:33:29.378Z"}
{"isOperational":true,"issues":[{"code":"invalid_type","expected":"string","message":"Required","path":["body","title"],"received":"undefined"},{"code":"invalid_type","expected":"string","message":"Required","path":["body","date"],"received":"undefined"},{"code":"invalid_type","expected":"string","message":"Required","path":["body","time"],"received":"undefined"},{"code":"invalid_type","expected":"number","message":"Required","path":["body","duration"],"received":"undefined"},{"code":"invalid_type","expected":"string","message":"Required","path":["body","clientName"],"received":"undefined"},{"code":"invalid_type","expected":"string","message":"Required","path":["body","clientEmail"],"received":"undefined"}],"level":"error","statusCode":400,"timestamp":"2025-07-15T10:36:49.613Z"}
{"isOperational":true,"issues":[{"code":"invalid_type","expected":"string","message":"Required","path":["body","title"],"received":"undefined"},{"code":"invalid_type","expected":"string","message":"Required","path":["body","date"],"received":"undefined"},{"code":"invalid_type","expected":"string","message":"Required","path":["body","time"],"received":"undefined"},{"code":"invalid_type","expected":"number","message":"Required","path":["body","duration"],"received":"undefined"},{"code":"invalid_type","expected":"string","message":"Required","path":["body","clientName"],"received":"undefined"},{"code":"invalid_type","expected":"string","message":"Required","path":["body","clientEmail"],"received":"undefined"}],"level":"error","statusCode":400,"timestamp":"2025-07-15T10:41:26.251Z"}
{"code":"ERR_HTTP_HEADERS_SENT","level":"error","timestamp":"2025-07-15T11:02:03.815Z"}
{"code":"ERR_HTTP_HEADERS_SENT","level":"error","timestamp":"2025-07-15T11:02:20.356Z"}
{"isOperational":true,"level":"error","statusCode":404,"timestamp":"2025-07-15T11:05:10.236Z"}
{"isOperational":true,"issues":[{"code":"invalid_type","expected":"string","message":"Required","path":["body","title"],"received":"undefined"},{"code":"invalid_type","expected":"string","message":"Required","path":["body","date"],"received":"undefined"},{"code":"invalid_type","expected":"string","message":"Required","path":["body","time"],"received":"undefined"},{"code":"invalid_type","expected":"number","message":"Required","path":["body","duration"],"received":"undefined"},{"code":"invalid_type","expected":"string","message":"Required","path":["body","clientName"],"received":"undefined"},{"code":"invalid_type","expected":"string","message":"Required","path":["body","clientEmail"],"received":"undefined"}],"level":"error","statusCode":400,"timestamp":"2025-07-15T11:12:01.794Z"}
{"isOperational":true,"issues":[{"code":"invalid_type","expected":"string","message":"Required","path":["body","title"],"received":"undefined"},{"code":"invalid_type","expected":"string","message":"Required","path":["body","date"],"received":"undefined"},{"code":"invalid_type","expected":"string","message":"Required","path":["body","time"],"received":"undefined"},{"code":"invalid_type","expected":"number","message":"Required","path":["body","duration"],"received":"undefined"},{"code":"invalid_type","expected":"string","message":"Required","path":["body","clientName"],"received":"undefined"},{"code":"invalid_type","expected":"string","message":"Required","path":["body","clientEmail"],"received":"undefined"}],"level":"error","statusCode":400,"timestamp":"2025-07-15T11:30:15.293Z"}
{"isOperational":true,"issues":[{"code":"invalid_enum_value","message":"Invalid enum value. Expected 'scheduled' | 'completed' | 'cancelled', received 'ongoing'","options":["scheduled","completed","cancelled"],"path":["body","status"],"received":"ongoing"}],"level":"error","statusCode":400,"timestamp":"2025-07-15T11:38:24.269Z"}
{"isOperational":true,"issues":[{"code":"invalid_string","message":"Invalid email format","path":["body","email"],"validation":"email"},{"code":"too_small","exact":false,"inclusive":true,"message":"Email is required","minimum":1,"path":["body","email"],"type":"string"}],"level":"error","statusCode":400,"timestamp":"2025-07-15T15:29:36.907Z"}
{"isOperational":true,"issues":[{"code":"invalid_string","message":"Invalid email format","path":["body","email"],"validation":"email"}],"level":"error","statusCode":400,"timestamp":"2025-07-15T15:30:14.027Z"}
{"isOperational":true,"issues":[{"code":"invalid_string","message":"Invalid email format","path":["body","email"],"validation":"email"},{"code":"too_small","exact":false,"inclusive":true,"message":"Email is required","minimum":1,"path":["body","email"],"type":"string"}],"level":"error","statusCode":400,"timestamp":"2025-07-15T15:32:59.025Z"}
{"isOperational":true,"issues":[{"code":"invalid_string","message":"Invalid email format","path":["body","email"],"validation":"email"},{"code":"too_small","exact":false,"inclusive":true,"message":"Email is required","minimum":1,"path":["body","email"],"type":"string"}],"level":"error","statusCode":400,"timestamp":"2025-07-15T15:33:56.162Z"}
{"isOperational":true,"issues":[{"code":"invalid_type","expected":"string","message":"Required","path":["body","email"],"received":"undefined"},{"code":"invalid_type","expected":"string","message":"Required","path":["body","password"],"received":"undefined"}],"level":"error","statusCode":400,"timestamp":"2025-07-15T15:35:58.425Z"}
{"isOperational":true,"issues":[{"code":"invalid_string","message":"Invalid email format","path":["body","email"],"validation":"email"},{"code":"too_small","exact":false,"inclusive":true,"message":"Email is required","minimum":1,"path":["body","email"],"type":"string"}],"level":"error","statusCode":400,"timestamp":"2025-07-15T15:38:24.133Z"}
{"isOperational":true,"level":"error","statusCode":401,"timestamp":"2025-07-15T15:38:56.252Z"}
{"level":"error","timestamp":"2025-07-15T15:39:06.161Z"}
{"level":"error","timestamp":"2025-07-15T16:26:55.956Z"}
{"isOperational":true,"level":"error","statusCode":401,"timestamp":"2025-07-15T16:46:31.684Z"}
{"isOperational":true,"level":"error","statusCode":401,"timestamp":"2025-07-15T16:51:13.464Z"}
{"isOperational":true,"level":"error","statusCode":401,"timestamp":"2025-07-15T19:43:20.191Z"}
{"isOperational":true,"level":"error","statusCode":401,"timestamp":"2025-07-15T19:46:00.997Z"}
{"isOperational":true,"level":"error","statusCode":401,"timestamp":"2025-07-15T19:47:07.622Z"}
{"isOperational":true,"level":"error","statusCode":401,"timestamp":"2025-07-15T19:49:05.345Z"}
{"isOperational":true,"level":"error","statusCode":401,"timestamp":"2025-07-15T19:50:52.942Z"}
{"isOperational":true,"level":"error","statusCode":401,"timestamp":"2025-07-15T19:53:17.618Z"}
{"isOperational":true,"level":"error","statusCode":402,"timestamp":"2025-07-15T19:55:46.065Z"}
{"isOperational":true,"level":"error","statusCode":403,"timestamp":"2025-07-15T19:57:07.652Z"}
{"isOperational":true,"level":"error","statusCode":403,"timestamp":"2025-07-15T20:01:21.073Z"}
{"isOperational":true,"level":"error","statusCode":401,"timestamp":"2025-07-15T20:04:19.226Z"}
{"isOperational":true,"level":"error","statusCode":401,"timestamp":"2025-07-15T20:04:52.028Z"}
{"isOperational":true,"level":"error","statusCode":401,"timestamp":"2025-07-15T20:05:05.736Z"}
{"isOperational":true,"level":"error","statusCode":401,"timestamp":"2025-07-15T20:05:22.681Z"}
{"isOperational":true,"level":"error","statusCode":401,"timestamp":"2025-07-15T20:26:07.250Z"}
{"isOperational":true,"level":"error","statusCode":401,"timestamp":"2025-07-15T20:26:07.259Z"}
{"isOperational":true,"level":"error","statusCode":401,"timestamp":"2025-07-15T20:26:07.310Z"}
{"isOperational":true,"level":"error","statusCode":401,"timestamp":"2025-07-15T20:26:07.322Z"}
{"isOperational":true,"level":"error","statusCode":401,"timestamp":"2025-07-15T20:26:07.335Z"}
{"isOperational":true,"level":"error","statusCode":401,"timestamp":"2025-07-15T20:26:43.631Z"}
{"isOperational":true,"level":"error","statusCode":401,"timestamp":"2025-07-15T20:26:43.693Z"}
{"isOperational":true,"level":"error","statusCode":401,"timestamp":"2025-07-15T20:26:43.734Z"}
{"isOperational":true,"level":"error","statusCode":401,"timestamp":"2025-07-15T20:26:51.010Z"}
{"isOperational":true,"level":"error","statusCode":401,"timestamp":"2025-07-15T20:27:22.701Z"}
{"isOperational":true,"level":"error","statusCode":401,"timestamp":"2025-07-15T20:27:22.709Z"}
{"isOperational":true,"level":"error","statusCode":401,"timestamp":"2025-07-15T21:39:09.879Z"}
{"isOperational":true,"level":"error","statusCode":401,"timestamp":"2025-07-15T21:39:42.619Z"}
{"isOperational":true,"level":"error","statusCode":401,"timestamp":"2025-07-15T21:56:06.935Z"}
{"isOperational":true,"level":"error","statusCode":401,"timestamp":"2025-07-15T21:56:06.971Z"}
{"isOperational":true,"level":"error","statusCode":401,"timestamp":"2025-07-15T21:58:11.553Z"}
{"isOperational":true,"level":"error","statusCode":401,"timestamp":"2025-07-15T21:59:34.092Z"}
{"isOperational":true,"level":"error","statusCode":404,"timestamp":"2025-07-15T22:00:18.662Z"}
{"isOperational":true,"level":"error","statusCode":401,"timestamp":"2025-07-15T22:00:54.169Z"}
{"isOperational":true,"level":"error","statusCode":401,"timestamp":"2025-07-15T22:28:21.393Z"}
{"isOperational":true,"level":"error","statusCode":401,"timestamp":"2025-07-15T22:28:22.078Z"}
{"isOperational":true,"level":"error","statusCode":401,"timestamp":"2025-07-15T22:28:22.287Z"}
{"isOperational":true,"level":"error","statusCode":401,"timestamp":"2025-07-15T22:28:23.660Z"}
{"isOperational":true,"level":"error","statusCode":401,"timestamp":"2025-07-15T22:28:28.001Z"}
{"isOperational":true,"level":"error","statusCode":401,"timestamp":"2025-07-15T23:29:23.945Z"}
{"isOperational":true,"level":"error","statusCode":401,"timestamp":"2025-07-15T23:33:21.635Z"}
{"isOperational":true,"level":"error","statusCode":401,"timestamp":"2025-07-15T23:33:21.709Z"}
{"isOperational":true,"level":"error","statusCode":401,"timestamp":"2025-07-15T23:33:21.724Z"}
{"isOperational":true,"level":"error","statusCode":401,"timestamp":"2025-07-15T23:35:24.533Z"}
{"isOperational":true,"level":"error","statusCode":401,"timestamp":"2025-07-15T23:35:24.542Z"}
{"isOperational":true,"level":"error","statusCode":401,"timestamp":"2025-07-15T23:35:24.602Z"}
{"isOperational":true,"level":"error","statusCode":401,"timestamp":"2025-07-15T23:35:33.180Z"}
{"isOperational":true,"level":"error","statusCode":401,"timestamp":"2025-07-15T23:40:25.061Z"}
{"isOperational":true,"level":"error","statusCode":401,"timestamp":"2025-07-15T23:43:37.560Z"}
{"isOperational":true,"level":"error","statusCode":401,"timestamp":"2025-07-15T23:47:13.588Z"}
{"isOperational":true,"level":"error","statusCode":401,"timestamp":"2025-07-15T23:47:13.970Z"}
{"isOperational":true,"level":"error","statusCode":401,"timestamp":"2025-07-15T23:47:14.078Z"}
{"isOperational":true,"level":"error","statusCode":401,"timestamp":"2025-07-15T23:48:51.154Z"}
{"isOperational":true,"level":"error","statusCode":401,"timestamp":"2025-07-15T23:50:04.839Z"}
{"isOperational":true,"level":"error","statusCode":401,"timestamp":"2025-07-15T23:50:05.502Z"}
{"isOperational":true,"level":"error","statusCode":401,"timestamp":"2025-07-15T23:50:06.093Z"}
{"isOperational":true,"level":"error","statusCode":401,"timestamp":"2025-07-15T23:50:07.112Z"}
{"isOperational":true,"level":"error","statusCode":401,"timestamp":"2025-07-15T23:50:07.370Z"}
{"isOperational":true,"level":"error","statusCode":401,"timestamp":"2025-07-15T23:50:12.768Z"}
{"isOperational":true,"level":"error","statusCode":401,"timestamp":"2025-07-16T05:13:00.832Z"}
{"isOperational":true,"level":"error","statusCode":401,"timestamp":"2025-07-16T05:14:24.262Z"}
{"isOperational":true,"level":"error","statusCode":401,"timestamp":"2025-07-16T05:14:57.494Z"}
{"isOperational":true,"level":"error","statusCode":401,"timestamp":"2025-07-16T05:14:58.310Z"}
{"isOperational":true,"level":"error","statusCode":401,"timestamp":"2025-07-16T05:15:14.122Z"}
{"isOperational":true,"level":"error","statusCode":401,"timestamp":"2025-07-16T05:17:37.984Z"}
{"isOperational":true,"level":"error","statusCode":401,"timestamp":"2025-07-16T05:17:38.559Z"}
{"isOperational":true,"level":"error","statusCode":401,"timestamp":"2025-07-16T05:18:02.372Z"}
{"isOperational":true,"level":"error","statusCode":401,"timestamp":"2025-07-16T05:19:18.654Z"}
{"isOperational":true,"level":"error","statusCode":401,"timestamp":"2025-07-16T05:19:19.426Z"}
{"isOperational":true,"level":"error","statusCode":401,"timestamp":"2025-07-16T05:19:52.150Z"}
{"isOperational":true,"level":"error","statusCode":401,"timestamp":"2025-07-16T05:27:41.461Z"}
{"isOperational":true,"level":"error","statusCode":401,"timestamp":"2025-07-16T05:27:46.381Z"}
{"isOperational":true,"level":"error","statusCode":401,"timestamp":"2025-07-16T05:30:21.321Z"}
{"isOperational":true,"level":"error","statusCode":401,"timestamp":"2025-07-16T05:30:22.538Z"}
{"isOperational":true,"level":"error","statusCode":401,"timestamp":"2025-07-16T05:30:29.045Z"}
{"isOperational":true,"level":"error","statusCode":401,"timestamp":"2025-07-16T05:30:29.701Z"}
{"isOperational":true,"level":"error","statusCode":401,"timestamp":"2025-07-16T05:30:30.042Z"}
{"isOperational":true,"level":"error","statusCode":401,"timestamp":"2025-07-16T05:30:30.364Z"}
{"isOperational":true,"level":"error","statusCode":401,"timestamp":"2025-07-16T05:30:31.014Z"}
{"isOperational":true,"level":"error","statusCode":401,"timestamp":"2025-07-16T05:30:31.390Z"}
{"isOperational":true,"level":"error","statusCode":401,"timestamp":"2025-07-16T05:30:40.460Z"}
{"isOperational":true,"level":"error","statusCode":401,"timestamp":"2025-07-16T05:30:40.711Z"}
{"isOperational":true,"level":"error","statusCode":401,"timestamp":"2025-07-16T05:31:41.878Z"}
{"isOperational":true,"level":"error","statusCode":401,"timestamp":"2025-07-16T05:31:42.697Z"}
{"isOperational":true,"level":"error","statusCode":401,"timestamp":"2025-07-16T05:31:43.142Z"}
{"isOperational":true,"level":"error","statusCode":401,"timestamp":"2025-07-16T05:31:43.231Z"}
{"isOperational":true,"level":"error","statusCode":401,"timestamp":"2025-07-16T05:32:00.307Z"}
{"isOperational":true,"level":"error","statusCode":401,"timestamp":"2025-07-16T06:33:30.088Z"}
{"isOperational":true,"level":"error","statusCode":401,"timestamp":"2025-07-16T07:45:52.100Z"}
{"isOperational":true,"level":"error","statusCode":401,"timestamp":"2025-07-16T09:30:22.008Z"}
{"body":"\"cancelled\"","expose":true,"level":"error","status":400,"statusCode":400,"timestamp":"2025-07-16T09:30:42.749Z","type":"entity.parse.failed"}
{"body":"\"cancelled\"","expose":true,"level":"error","status":400,"statusCode":400,"timestamp":"2025-07-16T09:46:20.712Z","type":"entity.parse.failed"}
{"body":"\"cancelled\"","expose":true,"level":"error","status":400,"statusCode":400,"timestamp":"2025-07-16T09:51:06.651Z","type":"entity.parse.failed"}
{"body":"\"cancelled\"","expose":true,"level":"error","status":400,"statusCode":400,"timestamp":"2025-07-16T10:01:42.608Z","type":"entity.parse.failed"}
{"isOperational":true,"level":"error","statusCode":401,"timestamp":"2025-07-16T10:04:22.017Z"}
{"isOperational":true,"level":"error","statusCode":403,"timestamp":"2025-07-16T10:04:22.686Z"}
{"isOperational":true,"level":"error","statusCode":401,"timestamp":"2025-07-16T10:06:23.758Z"}
{"isOperational":true,"level":"error","statusCode":403,"timestamp":"2025-07-16T10:06:23.779Z"}
{"body":"\"completed\"","expose":true,"level":"error","status":400,"statusCode":400,"timestamp":"2025-07-16T10:15:31.650Z","type":"entity.parse.failed"}
{"body":"\"cancelled\"","expose":true,"level":"error","status":400,"statusCode":400,"timestamp":"2025-07-16T10:15:39.988Z","type":"entity.parse.failed"}
{"isOperational":true,"level":"error","statusCode":401,"timestamp":"2025-07-16T10:32:51.032Z"}
{"isOperational":true,"level":"error","statusCode":401,"timestamp":"2025-07-16T14:03:30.406Z"}
{"clientVersion":"5.22.0","level":"error","name":"PrismaClientValidationError","timestamp":"2025-07-16T14:05:37.822Z"}
{"clientVersion":"5.22.0","level":"error","name":"PrismaClientValidationError","timestamp":"2025-07-16T14:08:08.763Z"}
{"clientVersion":"5.22.0","level":"error","name":"PrismaClientValidationError","timestamp":"2025-07-16T14:15:08.390Z"}
{"clientVersion":"5.22.0","level":"error","name":"PrismaClientValidationError","timestamp":"2025-07-16T14:16:22.144Z"}
{"clientVersion":"5.22.0","level":"error","name":"PrismaClientValidationError","timestamp":"2025-07-16T14:18:27.837Z"}
{"clientVersion":"5.22.0","level":"error","name":"PrismaClientValidationError","timestamp":"2025-07-16T14:19:55.847Z"}
{"body":"\"[object Object]\"","expose":true,"level":"error","status":400,"statusCode":400,"timestamp":"2025-07-16T14:22:55.540Z","type":"entity.parse.failed"}
{"body":"\"[object Object]\"","expose":true,"level":"error","status":400,"statusCode":400,"timestamp":"2025-07-16T14:24:53.006Z","type":"entity.parse.failed"}
{"isOperational":true,"issues":[{"code":"invalid_type","expected":"number","message":"Expected number, received string","path":["body","duration"],"received":"string"}],"level":"error","statusCode":400,"timestamp":"2025-07-16T14:34:59.506Z"}
{"isOperational":true,"level":"error","statusCode":401,"timestamp":"2025-07-16T15:03:35.594Z"}
{"isOperational":true,"issues":[{"code":"invalid_type","expected":"string","message":"Required","path":["body","title"],"received":"undefined"},{"code":"invalid_type","expected":"string","message":"Required","path":["body","date"],"received":"undefined"},{"code":"invalid_type","expected":"string","message":"Required","path":["body","time"],"received":"undefined"},{"code":"invalid_type","expected":"number","message":"Required","path":["body","duration"],"received":"undefined"},{"code":"invalid_type","expected":"string","message":"Required","path":["body","clientName"],"received":"undefined"},{"code":"invalid_type","expected":"string","message":"Required","path":["body","clientEmail"],"received":"undefined"}],"level":"error","statusCode":400,"timestamp":"2025-07-16T15:37:40.185Z"}
{"isOperational":true,"issues":[{"code":"invalid_type","expected":"string","message":"Required","path":["body","title"],"received":"undefined"},{"code":"invalid_type","expected":"string","message":"Required","path":["body","date"],"received":"undefined"},{"code":"invalid_type","expected":"string","message":"Required","path":["body","time"],"received":"undefined"},{"code":"invalid_type","expected":"number","message":"Expected number, received null","path":["body","duration"],"received":"null"},{"code":"invalid_type","expected":"string","message":"Required","path":["body","clientName"],"received":"undefined"},{"code":"invalid_type","expected":"string","message":"Required","path":["body","clientEmail"],"received":"undefined"}],"level":"error","statusCode":400,"timestamp":"2025-07-16T15:41:59.237Z"}
{"isOperational":true,"issues":[{"code":"invalid_type","expected":"string","message":"Required","path":["body","title"],"received":"undefined"},{"code":"invalid_type","expected":"string","message":"Required","path":["body","date"],"received":"undefined"},{"code":"invalid_type","expected":"string","message":"Required","path":["body","time"],"received":"undefined"},{"code":"invalid_type","expected":"number","message":"Expected number, received null","path":["body","duration"],"received":"null"},{"code":"invalid_type","expected":"string","message":"Required","path":["body","clientName"],"received":"undefined"},{"code":"invalid_type","expected":"string","message":"Required","path":["body","clientEmail"],"received":"undefined"}],"level":"error","statusCode":400,"timestamp":"2025-07-16T15:44:08.097Z"}
{"isOperational":true,"issues":[{"code":"invalid_string","message":"Invalid email format","path":["body","clientEmail"],"validation":"email"}],"level":"error","statusCode":400,"timestamp":"2025-07-16T15:45:31.581Z"}
{"isOperational":true,"level":"error","statusCode":401,"timestamp":"2025-07-16T21:44:16.029Z"}
{"isOperational":true,"level":"error","statusCode":404,"timestamp":"2025-07-16T22:09:16.750Z"}
{"isOperational":true,"level":"error","statusCode":404,"timestamp":"2025-07-16T22:09:27.248Z"}
{"isOperational":true,"level":"error","statusCode":404,"timestamp":"2025-07-16T22:09:57.645Z"}
{"isOperational":true,"level":"error","statusCode":401,"timestamp":"2025-07-17T02:02:03.213Z"}
{"isOperational":true,"level":"error","statusCode":401,"timestamp":"2025-07-17T05:19:36.529Z"}
{"isOperational":true,"level":"error","statusCode":401,"timestamp":"2025-07-17T11:22:06.757Z"}
